0 info it worked if it ends with ok
1 verbose cli [ '/Users/edwardhunton/.nvm/versions/node/v4.2.3/bin/node',
1 verbose cli   '/Users/edwardhunton/.nvm/versions/node/v4.2.3/bin/npm',
1 verbose cli   'start' ]
2 info using npm@2.14.7
3 info using node@v4.2.3
4 verbose run-script [ 'prestart', 'start', 'poststart' ]
5 info prestart fitwatchui@1.0.0
6 info start fitwatchui@1.0.0
7 verbose unsafe-perm in lifecycle true
8 info fitwatchui@1.0.0 Failed to exec start script
9 verbose stack Error: fitwatchui@1.0.0 start: `run server.js`
9 verbose stack spawn ENOENT
9 verbose stack     at ChildProcess.<anonymous> (/Users/edwardhunton/.nvm/versions/node/v4.2.3/lib/node_modules/npm/lib/utils/spawn.js:17:16)
9 verbose stack     at emitTwo (events.js:87:13)
9 verbose stack     at ChildProcess.emit (events.js:172:7)
9 verbose stack     at maybeClose (internal/child_process.js:818:16)
9 verbose stack     at Process.ChildProcess._handle.onexit (internal/child_process.js:211:5)
10 verbose pkgid fitwatchui@1.0.0
11 verbose cwd /Library/WebServer/Documents/fitwatch/fitwatchui
12 error Darwin 14.5.0
13 error argv "/Users/edwardhunton/.nvm/versions/node/v4.2.3/bin/node" "/Users/edwardhunton/.nvm/versions/node/v4.2.3/bin/npm" "start"
14 error node v4.2.3
15 error npm  v2.14.7
16 error file sh
17 error code ELIFECYCLE
18 error errno ENOENT
19 error syscall spawn
20 error fitwatchui@1.0.0 start: `run server.js`
20 error spawn ENOENT
21 error Failed at the fitwatchui@1.0.0 start script 'run server.js'.
21 error This is most likely a problem with the fitwatchui package,
21 error not with npm itself.
21 error Tell the author that this fails on your system:
21 error     run server.js
21 error You can get their info via:
21 error     npm owner ls fitwatchui
21 error There is likely additional logging output above.
22 verbose exit [ 1, true ]
